<?xml version="1.0" encoding="UTF-8"?>
<!-- Generated by org.testng.reporters.JUnitReportReporter -->
<testsuite hostname="INIDC-GEETP" failures="0" tests="1" name="seleniumDemo.checktest3" time="0.010" errors="0" timestamp="2022-03-24T13:34:15 IST" skipped="0">
  <testcase classname="seleniumDemo.checktest3" name="checktest31" time="0.010"/>
  <system-out/>
</testsuite> <!-- seleniumDemo.checktest3 -->
