<?xml version="1.0" encoding="UTF-8"?>
<!-- Generated by org.testng.reporters.JUnitReportReporter -->
<testsuite hostname="INIDC-GEETP" failures="0" tests="1" name="seleniumDemo.browsertest" time="0.001" errors="0" timestamp="2022-03-25T12:59:06 IST" skipped="0">
  <testcase classname="seleniumDemo.browsertest" name="test" time="0.001"/>
  <system-out/>
</testsuite> <!-- seleniumDemo.browsertest -->
