<?xml version="1.0" encoding="UTF-8"?>
<!-- Generated by org.testng.reporters.JUnitReportReporter -->
<testsuite hostname="INIDC-GEETP" failures="0" tests="1" name="seleniumDemo.testList" time="0.008" errors="0" timestamp="2022-03-25T12:59:06 IST" skipped="0">
  <testcase classname="seleniumDemo.testList" name="sampletest" time="0.008"/>
  <system-out/>
</testsuite> <!-- seleniumDemo.testList -->
