<?xml version="1.0" encoding="UTF-8"?>
<!-- Generated by org.testng.reporters.JUnitReportReporter -->
<testsuite hostname="INIDC-GEETP" failures="0" tests="1" name="seleniumDemo.checkTestNg" time="0.004" errors="0" timestamp="2022-03-24T13:28:03 IST" skipped="0">
  <testcase classname="seleniumDemo.checkTestNg" name="test2" time="0.004"/>
  <system-out/>
</testsuite> <!-- seleniumDemo.checkTestNg -->
