<?xml version="1.0" encoding="UTF-8"?>
<!-- Generated by org.testng.reporters.JUnitReportReporter -->
<testsuite hostname="INIDC-GEETP" failures="0" tests="1" name="seleniumDemo.testmaven" time="4.729" errors="0" timestamp="2022-03-23T13:13:37 IST" skipped="0">
  <testcase classname="seleniumDemo.testmaven" name="test" time="4.729"/>
  <system-out/>
</testsuite> <!-- seleniumDemo.testmaven -->
