<?xml version="1.0" encoding="UTF-8"?>
<!-- Generated by org.testng.reporters.JUnitReportReporter -->
<testsuite hostname="INIDC-GEETP" failures="0" tests="2" name="seleniumDemo.checktest2" time="0.003" errors="0" timestamp="2022-03-24T13:34:15 IST" skipped="0">
  <testcase classname="seleniumDemo.checktest2" name="test2" time="0.002"/>
  <system-out/>
  <testcase classname="seleniumDemo.checktest2" name="checktest1" time="0.001"/>
  <system-out/>
</testsuite> <!-- seleniumDemo.checktest2 -->
